<?xml version="1.0" encoding="UTF-8"?>
<!-- Generated by org.testng.reporters.JUnitReportReporter -->
<testsuite skipped="0" hostname="wks60249" name="com.uiFrameworkk.pentland.testScripts.LoginTest" tests="1" failures="0" timestamp="23 Nov 2019 17:59:13 GMT" time="40.769" errors="0">
  <testcase name="testLoginToApplication" time="40.769" classname="com.uiFrameworkk.pentland.testScripts.LoginTest"/>
</testsuite> <!-- com.uiFrameworkk.pentland.testScripts.LoginTest -->
