<?xml version="1.0" encoding="UTF-8"?>
<!-- Generated by org.testng.reporters.JUnitReportReporter -->
<testsuite skipped="0" hostname="wks60249" name="com.uiFrameworkk.pentland.testScripts.TestScreenShot" tests="1" failures="0" timestamp="17 Nov 2019 17:29:44 GMT" time="3.292" errors="0">
  <testcase name="testScreen" time="3.292" classname="com.uiFrameworkk.pentland.testScripts.TestScreenShot"/>
</testsuite> <!-- com.uiFrameworkk.pentland.testScripts.TestScreenShot -->
