<?xml version="1.0" encoding="UTF-8"?>
<!-- Generated by org.testng.reporters.JUnitReportReporter -->
<testsuite skipped="0" hostname="wks60249" name="com.uiFrameworkk.pentland.testScripts.registration.RegistrationTest" tests="1" failures="0" timestamp="24 Nov 2019 07:51:16 GMT" time="41.453" errors="0">
  <testcase name="testLoginToApplication" time="41.453" classname="com.uiFrameworkk.pentland.testScripts.registration.RegistrationTest"/>
</testsuite> <!-- com.uiFrameworkk.pentland.testScripts.registration.RegistrationTest -->
