<?xml version="1.0" encoding="UTF-8"?>
<!-- Generated by org.testng.reporters.JUnitReportReporter -->
<testsuite skipped="0" hostname="wks60249" name="com.uiFrameworkk.a" tests="1" failures="0" timestamp="17 Nov 2019 17:29:44 GMT" time="0.742" errors="0">
  <testcase name="voidtestLogin" time="0.742" classname="com.uiFrameworkk.a"/>
</testsuite> <!-- com.uiFrameworkk.a -->
