<?xml version="1.0" encoding="UTF-8"?>
<!-- Generated by org.testng.reporters.JUnitReportReporter -->
<testsuite skipped="1" hostname="wks60249" name="com.uiFrameworkk.pentland.testScripts.logintest.LoginTestWithDataDrivenApproach" tests="3" failures="0" timestamp="24 Nov 2019 10:52:16 GMT" time="29.012" errors="0">
  <testcase name="loginTest" time="14.773" classname="com.uiFrameworkk.pentland.testScripts.logintest.LoginTestWithDataDrivenApproach"/>
  <testcase name="loginTest" time="13.547" classname="com.uiFrameworkk.pentland.testScripts.logintest.LoginTestWithDataDrivenApproach"/>
  <testcase name="loginTest" time="0.692" classname="com.uiFrameworkk.pentland.testScripts.logintest.LoginTestWithDataDrivenApproach">
    <skipped/>
  </testcase> <!-- loginTest -->
</testsuite> <!-- com.uiFrameworkk.pentland.testScripts.logintest.LoginTestWithDataDrivenApproach -->
